[2026-02-11 19:50:18.552] [ENGINE] [INFO] === LOG ROTATED (exceeded 200KB) ===
[2026-02-11 19:50:18.552] [ENGINE] [METRICS] METRICS SNAPSHOT [Iter 16900]: CPU=6%, GPU=11%, Temp=46C, Mode=Silent, App=Desktop, Phase=Idle
[2026-02-11 20:58:08.101] [ENGINE] [MODE] MODE CHANGE: Silent -> Turbo | Reason: HIGH: CPU=83% | CPU=83%, GPU=11% | Phase=Loading Suggest=Turbo
[2026-02-11 20:58:28.613] [ENGINE] [MODE] MODE CHANGE: Turbo -> Balanced | Reason: AI-COORD(EXIT-TURBO): score=50 app=Desktop Q=Silent P=Loading | CPU=30%, GPU=5% | Phase=Loading Suggest=Turbo
[2026-02-11 20:58:43.199] [ENGINE] [MODE] MODE CHANGE: Balanced -> Silent | Reason: AI-COORD(SCORE-LOW): score=36 app=Revo Uninstaller Pro Portable Q=Silent P=Idle | CPU=24%, GPU=4% | Phase=Idle Suggest=Silent
[2026-02-11 20:58:47.751] [ENGINE] [MODE] MODE CHANGE: Silent -> Turbo | Reason: HIGH: CPU=92% | CPU=92%, GPU=4% | Phase=Loading Suggest=Turbo
[2026-02-11 20:58:59.904] [ENGINE] [MODE] MODE CHANGE: Turbo -> Balanced | Reason: AI-COORD(EXIT-TURBO): score=47 app=Revo Uninstaller Pro Portable Q=Silent P=Loading [CONFIRMED x4] | CPU=22%, GPU=21% | Phase=Loading Suggest=Turbo
[2026-02-11 20:59:15.797] [ENGINE] [METRICS] METRICS SNAPSHOT [Iter 17000]: CPU=16%, GPU=5%, Temp=44C, Mode=Balanced, App=Revo Uninstaller Pro Portable, Phase=Idle
[2026-02-11 20:59:17.171] [ENGINE] [MODE] MODE CHANGE: Balanced -> Silent | Reason: AI-COORD(SCORE-LOW): score=31 app=Revo Uninstaller Pro Portable Q=Silent P=Idle [CONFIRMED x4] | CPU=10%, GPU=5% | Phase=Idle Suggest=Silent
[2026-02-11 21:00:02.962] [ENGINE] [MODE] MODE CHANGE: Silent -> Turbo | Reason: HIGH: CPU=76% | CPU=76%, GPU=5% | Phase=Active Suggest=Turbo
[2026-02-11 21:00:16.709] [ENGINE] [MODE] MODE CHANGE: Turbo -> Silent | Reason: AI-COORD(EXIT-TURBO→SILENT): score=31 app=Revo Uninstaller Pro Portable Q=Silent P=Idle | CPU=13%, GPU=5% | Phase=Idle Suggest=Silent
[2026-02-11 21:01:33.212] [ENGINE] [MODE] MODE CHANGE: Silent -> Turbo | Reason: HIGH: CPU=76% | CPU=76%, GPU=6% | Phase=Loading Suggest=Turbo
[2026-02-11 21:01:46.538] [ENGINE] [MODE] MODE CHANGE: Turbo -> Balanced | Reason: AI-COORD(EXIT-TURBO): score=37 app=Desktop Q=Silent P=Active | CPU=6%, GPU=18% | Phase=Active Suggest=Turbo
[2026-02-11 21:01:49.196] [ENGINE] [METRICS] METRICS SNAPSHOT [Iter 17100]: CPU=28%, GPU=6%, Temp=49C, Mode=Balanced, App=Desktop, Phase=Idle
[2026-02-11 21:02:03.905] [ENGINE] [MODE] MODE CHANGE: Balanced -> Silent | Reason: AI-COORD(SCORE-LOW): score=33 app=Desktop Q=Silent P=Idle [CONFIRMED x4] | CPU=15%, GPU=6% | Phase=Idle Suggest=Silent
[2026-02-11 21:03:00.108] [ENGINE] [MODE] MODE CHANGE: Silent -> Turbo | Reason: HIGH: CPU=97% | CPU=97%, GPU=8% | Phase=Loading Suggest=Turbo
[2026-02-11 21:03:30.216] [ENGINE] [MODE] MODE CHANGE: Turbo -> Balanced | Reason: AI-COORD(EXIT-TURBO): score=49 app=Crisol: Theater of Idols Q=Balanced P=Gameplay | CPU=41%, GPU=45% | Phase=Gameplay Suggest=Balanced
[2026-02-11 21:03:35.734] [ENGINE] [MODE] MODE CHANGE: Balanced -> Turbo | Reason: HIGH: CPU=98% | CPU=98%, GPU=36% | Phase=Idle Suggest=Silent
[2026-02-11 21:03:43.513] [ENGINE] [MODE] MODE CHANGE: Turbo -> Balanced | Reason: HIGH+GPU-PROTECT: CPU=89% GPU=99% (GPU active, no Turbo) | CPU=89%, GPU=99% | Phase=Gameplay Suggest=Balanced
[2026-02-11 21:03:53.316] [ENGINE] [METRICS] METRICS SNAPSHOT [Iter 17200]: CPU=34%, GPU=25%, Temp=58C, Mode=Balanced, App=Desktop, Phase=Gameplay
[2026-02-11 21:04:15.043] [ENGINE] [MODE] MODE CHANGE: Balanced -> Silent | Reason: AI-COORD(SCORE-LOW): score=36 app=Desktop Q=Silent P=Menu | CPU=9%, GPU=12% | Phase=Menu Suggest=Silent
[2026-02-11 21:04:53.716] [ENGINE] [MODE] MODE CHANGE: Silent -> Turbo | Reason: HIGH: CPU=93% | CPU=93%, GPU=9% | Phase=Loading Suggest=Turbo
[2026-02-11 21:05:11.534] [ENGINE] [MODE] MODE CHANGE: Turbo -> Silent | Reason: AI-COORD(EXIT-TURBO→SILENT): score=34 app=Crisol: Theater of Idols Q=Silent P=Idle | CPU=27%, GPU=35% | Phase=Idle Suggest=Silent
[2026-02-11 21:05:18.216] [ENGINE] [MODE] MODE CHANGE: Silent -> Turbo | Reason: HIGH: CPU=92% | CPU=92%, GPU=35% | Phase=Idle Suggest=Silent
[2026-02-11 21:05:21.931] [ENGINE] [MODE] MODE CHANGE: Turbo -> Balanced | Reason: HIGH+GPU-PROTECT: CPU=94% GPU=77% (GPU active, no Turbo) [CONFIRMED x4] | CPU=94%, GPU=77% | Phase=Gameplay Suggest=Balanced
[2026-02-11 21:05:29.108] [ENGINE] [METRICS] METRICS SNAPSHOT [Iter 17300]: CPU=46%, GPU=99%, Temp=70C, Mode=Balanced, App=, Phase=Gameplay
[2026-02-11 21:05:35.656] [ENGINE] [MODE] MODE CHANGE: Balanced -> Silent | Reason: AI-COORD(SCORE-LOW): score=33 app= Q=Silent P=Cutscene [CONFIRMED x4] | CPU=49%, GPU=99% | Phase=Cutscene Suggest=Silent
[2026-02-11 21:05:38.452] [ENGINE] [MODE] MODE CHANGE: Silent -> Balanced | Reason: HIGH+GPU-PROTECT: CPU=74% GPU=99% (GPU active, no Turbo) [CONFIRMED x4] | CPU=74%, GPU=99% | Phase=Gameplay Suggest=Balanced
[2026-02-11 21:06:29.134] [ENGINE] [MODE] MODE CHANGE: Balanced -> Silent | Reason: THERMAL: 91C | CPU=91%, GPU=89% | Phase=Gameplay Suggest=Balanced
[2026-02-11 21:06:35.391] [ENGINE] [MODE] MODE CHANGE: Silent -> Balanced | Reason: HIGH+GPU-PROTECT: CPU=96% GPU=78% (GPU active, no Turbo) | CPU=96%, GPU=78% | Phase=Gameplay Suggest=Balanced
[2026-02-11 21:06:39.217] [ENGINE] [METRICS] METRICS SNAPSHOT [Iter 17400]: CPU=73%, GPU=77%, Temp=73C, Mode=Balanced, App=, Phase=Gameplay
[2026-02-11 21:07:07.130] [ENGINE] [MODE] MODE CHANGE: Balanced -> Turbo | Reason: HIGH: CPU=73% | CPU=73%, GPU=70% | Phase=Gameplay Suggest=Balanced
[2026-02-11 21:07:21.253] [ENGINE] [MODE] MODE CHANGE: Turbo -> Balanced | Reason: AI-COORD(EXIT-TURBO): score=46 app=Szybkie ustawienia Q=Silent P=Loading [CONFIRMED x4] | CPU=17%, GPU=26% | Phase=Loading Suggest=Turbo
[2026-02-11 21:08:40.641] [INFO] [CONFIG] AppCategories.json loaded successfully at startup
[2026-02-11 21:08:44.200] [ENGINE] [INFO] GPU DETECTION: Hybrid Graphics detected - iGPU: Intel(R) UHD Graphics | dGPU: NVIDIA GeForce RTX 3070 Laptop GPU (NVIDIA)

================================================================================
CPUManager ENGINE v42.4 DEBUG - GPU-BOUND FULL FIX + DEBUG - New Session Started
2026-02-11 21:08:44
================================================================================

[2026-02-11 21:08:44.616] [ENGINE] [INFO] Debug logging initialized to: C:\Temp\CPUManager_GPU-Debug.log
[2026-02-11 21:08:44.630] [ENGINE] [INFO] === CPUManager ENGINE v42.6 FINAL Started ===
[2026-02-11 21:08:44.642] [ENGINE] [INFO] Config directory: C:\CPUManager
[2026-02-11 21:09:45.736] [ENGINE] [METRICS] METRICS SNAPSHOT [Iter 100]: CPU=57%, GPU=8%, Temp=70C, Mode=Turbo, App=Google Chrome, Phase=Loading
[2026-02-11 21:10:16.710] [ENGINE] [MODE] MODE CHANGE: Balanced -> Silent | Reason: AI-COORD(SCORE-LOW): score=31 app=Google Chrome Q=Silent P=Idle | CPU=23%, GPU=9% | Phase=Idle Suggest=Silent
[2026-02-11 21:10:34.041] [ENGINE] [MODE] MODE CHANGE: Silent -> Turbo | Reason: HIGH: CPU=83% | CPU=83%, GPU=9% | Phase=Active Suggest=Turbo
[2026-02-11 21:10:47.431] [ENGINE] [MODE] MODE CHANGE: Turbo -> Balanced | Reason: AI-COORD(EXIT-TURBO): score=45 app=Google Chrome Q=Silent P=Active | CPU=37%, GPU=8% | Phase=Active Suggest=Turbo
[2026-02-11 21:11:05.437] [ENGINE] [MODE] MODE CHANGE: Balanced -> Silent | Reason: AI-COORD(SCORE-LOW): score=32 app=Google Chrome Q=Silent P=Idle | CPU=30%, GPU=16% | Phase=Idle Suggest=Silent
[2026-02-11 21:11:10.889] [ENGINE] [METRICS] METRICS SNAPSHOT [Iter 200]: CPU=46%, GPU=8%, Temp=57C, Mode=Silent, App=Google Chrome, Phase=Idle
[2026-02-11 21:12:59.161] [ENGINE] [METRICS] METRICS SNAPSHOT [Iter 300]: CPU=31%, GPU=13%, Temp=48C, Mode=Turbo, App=Google Chrome, Phase=Idle
[2026-02-11 21:14:36.657] [ENGINE] [METRICS] METRICS SNAPSHOT [Iter 400]: CPU=51%, GPU=9%, Temp=46C, Mode=Silent, App=Google Chrome, Phase=Idle
[2026-02-11 21:16:27.408] [ENGINE] [METRICS] METRICS SNAPSHOT [Iter 500]: CPU=37%, GPU=9%, Temp=48C, Mode=Silent, App=Razer Installer, Phase=Idle
[2026-02-11 21:17:15.095] [ENGINE] [MODE] MODE CHANGE: Silent -> Turbo | Reason: HIGH: CPU=82% | CPU=82%, GPU=9% | Phase=Loading Suggest=Turbo
[2026-02-11 21:17:27.309] [ENGINE] [MODE] MODE CHANGE: Turbo -> Silent | Reason: AI-COORD(EXIT-TURBO→SILENT): score=34 app=RazerAppEngine Q=Silent P=Idle | CPU=28%, GPU=10% | Phase=Idle Suggest=Silent
[2026-02-11 21:17:33.467] [ENGINE] [METRICS] METRICS SNAPSHOT [Iter 600]: CPU=48%, GPU=17%, Temp=52C, Mode=Silent, App=Google Chrome, Phase=Active
[2026-02-11 21:18:44.585] [ENGINE] [MODE] MODE CHANGE: Silent -> Turbo | Reason: HIGH: CPU=98% | CPU=98%, GPU=16% | Phase=Loading Suggest=Turbo
[2026-02-11 21:18:47.869] [ENGINE] [METRICS] METRICS SNAPSHOT [Iter 700]: CPU=89%, GPU=10%, Temp=74C, Mode=Turbo, App=Google Chrome, Phase=Loading
[2026-02-11 21:19:02.532] [ENGINE] [MODE] MODE CHANGE: Turbo -> Balanced | Reason: AI-COORD(EXIT-TURBO): score=36 app=RazerAppEngine Q=Silent P=Active | CPU=35%, GPU=12% | Phase=Active Suggest=Turbo
[2026-02-11 21:19:15.672] [ENGINE] [MODE] MODE CHANGE: Balanced -> Silent | Reason: AI-COORD(SCORE-LOW): score=33 app=RazerAppEngine Q=Silent P=Idle | CPU=23%, GPU=10% | Phase=Idle Suggest=Silent
[2026-02-11 21:19:46.266] [ENGINE] [METRICS] METRICS SNAPSHOT [Iter 800]: CPU=25%, GPU=14%, Temp=51C, Mode=Silent, App=RazerAppEngine, Phase=Idle
[2026-02-11 21:21:34.334] [ENGINE] [METRICS] METRICS SNAPSHOT [Iter 900]: CPU=27%, GPU=12%, Temp=46C, Mode=Silent, App=RazerAppEngine, Phase=Idle
[2026-02-11 21:21:55.578] [ENGINE] [MODE] MODE CHANGE: Silent -> Turbo | Reason: HIGH: CPU=84% | CPU=84%, GPU=10% | Phase=Idle Suggest=Silent
[2026-02-11 21:22:10.516] [ENGINE] [MODE] MODE CHANGE: Turbo -> Silent | Reason: AI-COORD(EXIT-TURBO→SILENT): score=30 app=Google Chrome Q=Silent P=Menu | CPU=7%, GPU=10% | Phase=Menu Suggest=Silent
[2026-02-11 21:23:14.563] [ENGINE] [METRICS] METRICS SNAPSHOT [Iter 1000]: CPU=23%, GPU=10%, Temp=47C, Mode=Silent, App=Google Chrome, Phase=Menu
[2026-02-11 21:25:01.941] [ENGINE] [METRICS] METRICS SNAPSHOT [Iter 1100]: CPU=20%, GPU=22%, Temp=46C, Mode=Silent, App=Desktop, Phase=Menu
[2026-02-11 21:26:49.802] [ENGINE] [METRICS] METRICS SNAPSHOT [Iter 1200]: CPU=41%, GPU=11%, Temp=47C, Mode=Silent, App=Google Chrome, Phase=Idle
[2026-02-11 21:28:28.229] [ENGINE] [METRICS] METRICS SNAPSHOT [Iter 1300]: CPU=16%, GPU=13%, Temp=47C, Mode=Turbo, App=Google Chrome, Phase=Menu
[2026-02-11 21:30:12.240] [ENGINE] [METRICS] METRICS SNAPSHOT [Iter 1400]: CPU=28%, GPU=28%, Temp=44C, Mode=Silent, App=RzMonitorForegroundWindow, Phase=Idle
[2026-02-11 21:30:58.056] [ENGINE] [MODE] MODE CHANGE: Silent -> Turbo | Reason: HIGH: CPU=93% | CPU=93%, GPU=9% | Phase=Loading Suggest=Turbo
[2026-02-11 21:31:15.383] [ENGINE] [MODE] MODE CHANGE: Turbo -> Silent | Reason: AI-COORD(EXIT-TURBO→SILENT): score=34 app=Desktop Q=Silent P=Idle | CPU=6%, GPU=9% | Phase=Idle Suggest=Silent
[2026-02-11 21:31:26.091] [ENGINE] [MODE] MODE CHANGE: Silent -> Turbo | Reason: HIGH: CPU=100% | CPU=100%, GPU=9% | Phase=Loading Suggest=Turbo
[2026-02-11 21:31:45.782] [ENGINE] [MODE] MODE CHANGE: Turbo -> Balanced | Reason: AI-COORD(EXIT-TURBO): score=46 app=Google Chrome Q=Turbo P=Loading | CPU=17%, GPU=11% | Phase=Loading Suggest=Turbo
[2026-02-11 21:32:02.198] [ENGINE] [MODE] MODE CHANGE: Balanced -> Silent | Reason: AI-COORD(SCORE-LOW): score=32 app=Google Chrome Q=Silent P=Idle [CONFIRMED x4] | CPU=17%, GPU=11% | Phase=Idle Suggest=Silent
[2026-02-11 21:32:02.391] [ENGINE] [METRICS] METRICS SNAPSHOT [Iter 1500]: CPU=17%, GPU=11%, Temp=59C, Mode=Silent, App=Google Chrome, Phase=Idle
[2026-02-11 21:33:50.417] [ENGINE] [METRICS] METRICS SNAPSHOT [Iter 1600]: CPU=22%, GPU=16%, Temp=48C, Mode=Silent, App=Google Chrome, Phase=Idle
[2026-02-11 21:36:05.624] [ENGINE] [METRICS] METRICS SNAPSHOT [Iter 1700]: CPU=33%, GPU=24%, Temp=68C, Mode=Turbo, App=Google Chrome, Phase=Idle
[2026-02-11 21:38:12.247] [ENGINE] [METRICS] METRICS SNAPSHOT [Iter 1800]: CPU=9%, GPU=10%, Temp=43C, Mode=Silent, App=Proces hosta systemu Windows (Rundll32), Phase=Idle
[2026-02-11 21:40:29.817] [ENGINE] [METRICS] METRICS SNAPSHOT [Iter 1900]: CPU=85%, GPU=10%, Temp=41C, Mode=Turbo, App=Desktop, Phase=Idle
[2026-02-11 21:40:53.688] [ENGINE] [MODE] MODE CHANGE: Silent -> Turbo | Reason: HIGH: CPU=100% | CPU=100%, GPU=13% | Phase=Loading Suggest=Turbo
[2026-02-11 21:41:08.208] [ENGINE] [MODE] MODE CHANGE: Turbo -> Balanced | Reason: AI-COORD(EXIT-TURBO): score=37 app= Q=Silent P=Gameplay [CONFIRMED x4] | CPU=29%, GPU=45% | Phase=Gameplay Suggest=Balanced
[2026-02-11 21:41:09.209] [ENGINE] [MODE] MODE CHANGE: Balanced -> Turbo | Reason: HIGH: CPU=90% | CPU=90%, GPU=45% | Phase=Gameplay Suggest=Balanced
[2026-02-11 21:41:21.940] [ENGINE] [MODE] MODE CHANGE: Turbo -> Balanced | Reason: AI-COORD(EXIT-TURBO): score=50 app= Q=Balanced P=Gameplay [CONFIRMED x4] | CPU=46%, GPU=99% | Phase=Gameplay Suggest=Balanced
[2026-02-11 21:41:47.769] [ENGINE] [METRICS] METRICS SNAPSHOT [Iter 2000]: CPU=84%, GPU=96%, Temp=70C, Mode=Turbo, App=, Phase=Loading
[2026-02-11 21:42:56.759] [ENGINE] [METRICS] METRICS SNAPSHOT [Iter 2100]: CPU=58%, GPU=95%, Temp=79C, Mode=Balanced, App=, Phase=Gameplay
[2026-02-11 21:44:04.983] [ENGINE] [METRICS] METRICS SNAPSHOT [Iter 2200]: CPU=55%, GPU=86%, Temp=80C, Mode=Balanced, App=, Phase=Gameplay
[2026-02-11 21:45:13.839] [ENGINE] [METRICS] METRICS SNAPSHOT [Iter 2300]: CPU=60%, GPU=99%, Temp=87C, Mode=Balanced, App=, Phase=Gameplay
[2026-02-11 21:46:29.999] [ENGINE] [METRICS] METRICS SNAPSHOT [Iter 2400]: CPU=81%, GPU=87%, Temp=80C, Mode=Balanced, App=, Phase=Gameplay
[2026-02-11 21:47:17.394] [ENGINE] [MODE] MODE CHANGE: Balanced -> Silent | Reason: THERMAL: 95C | CPU=62%, GPU=98% | Phase=Gameplay Suggest=Balanced
[2026-02-11 21:47:57.592] [ENGINE] [MODE] MODE CHANGE: Silent -> Balanced | Reason: HIGH+GPU-PROTECT: CPU=82% GPU=88% (GPU active, no Turbo) | CPU=82%, GPU=88% | Phase=Gameplay Suggest=Balanced
[2026-02-11 21:48:27.557] [ENGINE] [MODE] MODE CHANGE: Balanced -> Silent | Reason: THERMAL: 91C | CPU=61%, GPU=99% | Phase=Gameplay Suggest=Balanced
[2026-02-11 21:48:31.295] [ENGINE] [METRICS] METRICS SNAPSHOT [Iter 2500]: CPU=61%, GPU=98%, Temp=91C, Mode=Silent, App=, Phase=Gameplay
[2026-02-11 21:49:13.478] [ENGINE] [MODE] MODE CHANGE: Silent -> Balanced | Reason: HIGH+GPU-PROTECT: CPU=83% GPU=83% (GPU active, no Turbo) | CPU=83%, GPU=83% | Phase=Gameplay Suggest=Balanced
[2026-02-11 21:49:37.111] [ENGINE] [MODE] MODE CHANGE: Balanced -> Silent | Reason: AI-COORD(SCORE-LOW): score=37 app= Q=Silent P=Gameplay | CPU=58%, GPU=96% | Phase=Gameplay Suggest=Balanced
[2026-02-11 21:49:50.633] [ENGINE] [MODE] MODE CHANGE: Silent -> Balanced | Reason: HIGH+GPU-PROTECT: CPU=83% GPU=95% (GPU active, no Turbo) | CPU=83%, GPU=95% | Phase=Gameplay Suggest=Balanced
[2026-02-11 21:50:05.740] [ENGINE] [MODE] MODE CHANGE: Balanced -> Silent | Reason: AI-COORD(SCORE-LOW): score=37 app= Q=Silent P=Gameplay | CPU=57%, GPU=90% | Phase=Gameplay Suggest=Balanced
[2026-02-11 21:50:31.126] [ENGINE] [METRICS] METRICS SNAPSHOT [Iter 2600]: CPU=70%, GPU=99%, Temp=75C, Mode=Silent, App=, Phase=Gameplay
[2026-02-11 21:51:43.360] [ENGINE] [MODE] MODE CHANGE: Silent -> Balanced | Reason: HIGH+GPU-PROTECT: CPU=83% GPU=97% (GPU active, no Turbo) | CPU=83%, GPU=97% | Phase=Gameplay Suggest=Balanced
[2026-02-11 21:51:54.080] [ENGINE] [MODE] MODE CHANGE: Balanced -> Silent | Reason: THERMAL: 94C | CPU=73%, GPU=99% | Phase=Gameplay Suggest=Balanced
[2026-02-11 21:52:09.203] [ENGINE] [MODE] MODE CHANGE: Silent -> Balanced | Reason: HIGH+GPU-PROTECT: CPU=93% GPU=89% (GPU active, no Turbo) | CPU=93%, GPU=89% | Phase=Gameplay Suggest=Balanced
[2026-02-11 21:52:25.909] [ENGINE] [MODE] MODE CHANGE: Balanced -> Silent | Reason: AI-COORD(SCORE-LOW): score=37 app= Q=Silent P=Gameplay | CPU=51%, GPU=88% | Phase=Gameplay Suggest=Balanced
[2026-02-11 21:52:31.953] [ENGINE] [METRICS] METRICS SNAPSHOT [Iter 2700]: CPU=61%, GPU=98%, Temp=77C, Mode=Silent, App=, Phase=Gameplay
[2026-02-11 21:52:33.333] [ENGINE] [MODE] MODE CHANGE: Silent -> Balanced | Reason: HIGH+GPU-PROTECT: CPU=83% GPU=98% (GPU active, no Turbo) | CPU=83%, GPU=98% | Phase=Gameplay Suggest=Balanced
[2026-02-11 21:52:40.143] [ENGINE] [MODE] MODE CHANGE: Balanced -> Silent | Reason: THERMAL: 91C | CPU=48%, GPU=99% | Phase=Gameplay Suggest=Balanced
[2026-02-11 21:52:59.062] [ENGINE] [MODE] MODE CHANGE: Silent -> Balanced | Reason: HIGH+GPU-PROTECT: CPU=82% GPU=84% (GPU active, no Turbo) | CPU=82%, GPU=84% | Phase=Gameplay Suggest=Balanced
[2026-02-11 21:53:12.023] [ENGINE] [MODE] MODE CHANGE: Balanced -> Silent | Reason: THERMAL: 92C | CPU=67%, GPU=99% | Phase=Gameplay Suggest=Balanced
[2026-02-11 21:54:28.328] [ENGINE] [METRICS] METRICS SNAPSHOT [Iter 2800]: CPU=61%, GPU=98%, Temp=76C, Mode=Silent, App=, Phase=Gameplay
[2026-02-11 21:56:30.486] [ENGINE] [METRICS] METRICS SNAPSHOT [Iter 2900]: CPU=63%, GPU=98%, Temp=74C, Mode=Silent, App=, Phase=Gameplay
[2026-02-11 21:58:00.282] [ENGINE] [MODE] MODE CHANGE: Silent -> Balanced | Reason: HIGH+GPU-PROTECT: CPU=87% GPU=88% (GPU active, no Turbo) | CPU=87%, GPU=88% | Phase=Gameplay Suggest=Balanced
[2026-02-11 21:58:17.372] [ENGINE] [MODE] MODE CHANGE: Balanced -> Silent | Reason: AI-COORD(SCORE-LOW): score=37 app= Q=Silent P=Gameplay | CPU=55%, GPU=97% | Phase=Gameplay Suggest=Balanced
[2026-02-11 21:58:30.395] [ENGINE] [METRICS] METRICS SNAPSHOT [Iter 3000]: CPU=73%, GPU=84%, Temp=77C, Mode=Silent, App=, Phase=Gameplay
[2026-02-11 21:58:32.087] [ENGINE] [MODE] MODE CHANGE: Silent -> Balanced | Reason: HIGH+GPU-PROTECT: CPU=88% GPU=82% (GPU active, no Turbo) | CPU=88%, GPU=82% | Phase=Gameplay Suggest=Balanced
[2026-02-11 21:58:35.390] [ENGINE] [MODE] MODE CHANGE: Balanced -> Silent | Reason: THERMAL: 91C | CPU=69%, GPU=82% | Phase=Gameplay Suggest=Balanced
[2026-02-11 21:58:48.712] [ENGINE] [MODE] MODE CHANGE: Silent -> Balanced | Reason: HIGH+GPU-PROTECT: CPU=83% GPU=84% (GPU active, no Turbo) | CPU=83%, GPU=84% | Phase=Gameplay Suggest=Balanced
[2026-02-11 21:58:55.823] [ENGINE] [MODE] MODE CHANGE: Balanced -> Silent | Reason: THERMAL: 91C | CPU=69%, GPU=97% | Phase=Gameplay Suggest=Balanced
[2026-02-11 21:59:16.290] [ENGINE] [MODE] MODE CHANGE: Silent -> Balanced | Reason: HIGH+GPU-PROTECT: CPU=83% GPU=86% (GPU active, no Turbo) | CPU=83%, GPU=86% | Phase=Gameplay Suggest=Balanced
[2026-02-11 21:59:21.379] [ENGINE] [MODE] MODE CHANGE: Balanced -> Silent | Reason: THERMAL: 91C | CPU=59%, GPU=84% | Phase=Gameplay Suggest=Balanced
[2026-02-11 21:59:42.938] [ENGINE] [MODE] MODE CHANGE: Silent -> Balanced | Reason: HIGH+GPU-PROTECT: CPU=82% GPU=84% (GPU active, no Turbo) | CPU=82%, GPU=84% | Phase=Gameplay Suggest=Balanced
[2026-02-11 22:00:02.823] [ENGINE] [MODE] MODE CHANGE: Balanced -> Silent | Reason: THERMAL: 92C | CPU=64%, GPU=98% | Phase=Gameplay Suggest=Balanced
[2026-02-11 22:00:13.963] [ENGINE] [MODE] MODE CHANGE: Silent -> Balanced | Reason: HIGH+GPU-PROTECT: CPU=88% GPU=83% (GPU active, no Turbo) | CPU=88%, GPU=83% | Phase=Gameplay Suggest=Balanced
[2026-02-11 22:00:27.091] [ENGINE] [METRICS] METRICS SNAPSHOT [Iter 3100]: CPU=64%, GPU=98%, Temp=90C, Mode=Balanced, App=, Phase=Gameplay
[2026-02-11 22:00:39.109] [ENGINE] [MODE] MODE CHANGE: Balanced -> Silent | Reason: AI-COORD(SCORE-LOW): score=37 app= Q=Silent P=Gameplay | CPU=48%, GPU=99% | Phase=Gameplay Suggest=Balanced
[2026-02-11 22:00:45.537] [ENGINE] [MODE] MODE CHANGE: Silent -> Balanced | Reason: HIGH+GPU-PROTECT: CPU=82% GPU=98% (GPU active, no Turbo) | CPU=82%, GPU=98% | Phase=Gameplay Suggest=Balanced
[2026-02-11 22:01:04.276] [ENGINE] [MODE] MODE CHANGE: Balanced -> Silent | Reason: AI-COORD(SCORE-LOW): score=37 app= Q=Silent P=Gameplay | CPU=54%, GPU=98% | Phase=Gameplay Suggest=Balanced
[2026-02-11 22:01:11.263] [ENGINE] [MODE] MODE CHANGE: Silent -> Balanced | Reason: HIGH+GPU-PROTECT: CPU=84% GPU=93% (GPU active, no Turbo) | CPU=84%, GPU=93% | Phase=Gameplay Suggest=Balanced
[2026-02-11 22:02:32.443] [ENGINE] [METRICS] METRICS SNAPSHOT [Iter 3200]: CPU=58%, GPU=99%, Temp=78C, Mode=Balanced, App=, Phase=Gameplay
[2026-02-11 22:02:58.390] [ENGINE] [MODE] MODE CHANGE: Balanced -> Silent | Reason: THERMAL: 91C | CPU=55%, GPU=98% | Phase=Gameplay Suggest=Balanced
[2026-02-11 22:03:39.526] [ENGINE] [MODE] MODE CHANGE: Silent -> Balanced | Reason: HIGH+GPU-PROTECT: CPU=82% GPU=83% (GPU active, no Turbo) | CPU=82%, GPU=83% | Phase=Gameplay Suggest=Balanced
[2026-02-11 22:03:58.866] [ENGINE] [MODE] MODE CHANGE: Balanced -> Silent | Reason: AI-COORD(SCORE-LOW): score=37 app= Q=Silent P=Gameplay | CPU=49%, GPU=93% | Phase=Gameplay Suggest=Balanced
[2026-02-11 22:04:22.923] [ENGINE] [MODE] MODE CHANGE: Silent -> Balanced | Reason: HIGH+GPU-PROTECT: CPU=82% GPU=94% (GPU active, no Turbo) | CPU=82%, GPU=94% | Phase=Gameplay Suggest=Balanced
[2026-02-11 22:04:30.823] [ENGINE] [METRICS] METRICS SNAPSHOT [Iter 3300]: CPU=59%, GPU=98%, Temp=80C, Mode=Balanced, App=, Phase=Gameplay
[2026-02-11 22:04:54.980] [ENGINE] [MODE] MODE CHANGE: Balanced -> Silent | Reason: THERMAL: 91C | CPU=48%, GPU=95% | Phase=Gameplay Suggest=Balanced
[2026-02-11 22:05:37.705] [ENGINE] [MODE] MODE CHANGE: Silent -> Balanced | Reason: HIGH+GPU-PROTECT: CPU=85% GPU=84% (GPU active, no Turbo) | CPU=85%, GPU=84% | Phase=Gameplay Suggest=Balanced
[2026-02-11 22:05:40.530] [ENGINE] [MODE] MODE CHANGE: Balanced -> Silent | Reason: THERMAL: 91C | CPU=64%, GPU=84% | Phase=Gameplay Suggest=Balanced
[2026-02-11 22:06:37.574] [ENGINE] [METRICS] METRICS SNAPSHOT [Iter 3400]: CPU=64%, GPU=86%, Temp=76C, Mode=Silent, App=, Phase=Gameplay
[2026-02-11 22:07:05.709] [ENGINE] [MODE] MODE CHANGE: Silent -> Balanced | Reason: HIGH+GPU-PROTECT: CPU=84% GPU=97% (GPU active, no Turbo) | CPU=84%, GPU=97% | Phase=Gameplay Suggest=Balanced
[2026-02-11 22:07:23.430] [ENGINE] [MODE] MODE CHANGE: Balanced -> Silent | Reason: AI-COORD(SCORE-LOW): score=37 app= Q=Silent P=Gameplay | CPU=52%, GPU=88% | Phase=Gameplay Suggest=Balanced
[2026-02-11 22:07:31.141] [ENGINE] [MODE] MODE CHANGE: Silent -> Balanced | Reason: HIGH+GPU-PROTECT: CPU=82% GPU=98% (GPU active, no Turbo) | CPU=82%, GPU=98% | Phase=Gameplay Suggest=Balanced
[2026-02-11 22:07:44.804] [ENGINE] [MODE] MODE CHANGE: Balanced -> Silent | Reason: AI-COORD(SCORE-LOW): score=37 app= Q=Silent P=Gameplay | CPU=57%, GPU=92% | Phase=Gameplay Suggest=Balanced
[2026-02-11 22:08:12.540] [ENGINE] [MODE] MODE CHANGE: Silent -> Balanced | Reason: HIGH+GPU-PROTECT: CPU=83% GPU=84% (GPU active, no Turbo) | CPU=83%, GPU=84% | Phase=Gameplay Suggest=Balanced
[2026-02-11 22:08:34.264] [ENGINE] [MODE] MODE CHANGE: Balanced -> Silent | Reason: AI-COORD(SCORE-LOW): score=37 app= Q=Silent P=Gameplay | CPU=59%, GPU=89% | Phase=Gameplay Suggest=Balanced
[2026-02-11 22:08:42.895] [ENGINE] [METRICS] METRICS SNAPSHOT [Iter 3500]: CPU=74%, GPU=97%, Temp=78C, Mode=Silent, App=, Phase=Gameplay
[2026-02-11 22:09:03.569] [ENGINE] [MODE] MODE CHANGE: Silent -> Balanced | Reason: HIGH+GPU-PROTECT: CPU=86% GPU=89% (GPU active, no Turbo) | CPU=86%, GPU=89% | Phase=Gameplay Suggest=Balanced
[2026-02-11 22:09:16.020] [ENGINE] [MODE] MODE CHANGE: Balanced -> Silent | Reason: AI-COORD(SCORE-LOW): score=37 app= Q=Silent P=Gameplay | CPU=54%, GPU=98% | Phase=Gameplay Suggest=Balanced
[2026-02-11 22:09:38.242] [ENGINE] [MODE] MODE CHANGE: Silent -> Balanced | Reason: HIGH+GPU-PROTECT: CPU=84% GPU=91% (GPU active, no Turbo) | CPU=84%, GPU=91% | Phase=Gameplay Suggest=Balanced
[2026-02-11 22:09:40.810] [ENGINE] [MODE] MODE CHANGE: Balanced -> Silent | Reason: THERMAL: 91C | CPU=55%, GPU=91% | Phase=Gameplay Suggest=Balanced
[2026-02-11 22:09:54.478] [ENGINE] [MODE] MODE CHANGE: Silent -> Balanced | Reason: HIGH+GPU-PROTECT: CPU=84% GPU=90% (GPU active, no Turbo) | CPU=84%, GPU=90% | Phase=Gameplay Suggest=Balanced
[2026-02-11 22:10:17.945] [ENGINE] [MODE] MODE CHANGE: Balanced -> Silent | Reason: AI-COORD(SCORE-LOW): score=37 app= Q=Silent P=Gameplay | CPU=56%, GPU=98% | Phase=Gameplay Suggest=Balanced
[2026-02-11 22:10:39.199] [ENGINE] [METRICS] METRICS SNAPSHOT [Iter 3600]: CPU=59%, GPU=98%, Temp=78C, Mode=Silent, App=, Phase=Gameplay
[2026-02-11 22:10:42.305] [ENGINE] [MODE] MODE CHANGE: Silent -> Balanced | Reason: HIGH+GPU-PROTECT: CPU=85% GPU=96% (GPU active, no Turbo) | CPU=85%, GPU=96% | Phase=Gameplay Suggest=Balanced
[2026-02-11 22:10:57.865] [ENGINE] [MODE] MODE CHANGE: Balanced -> Silent | Reason: AI-COORD(SCORE-LOW): score=36 app= Q=Silent P=Gameplay | CPU=45%, GPU=99% | Phase=Gameplay Suggest=Balanced
[2026-02-11 22:11:26.226] [ENGINE] [MODE] MODE CHANGE: Silent -> Balanced | Reason: HIGH+GPU-PROTECT: CPU=82% GPU=86% (GPU active, no Turbo) | CPU=82%, GPU=86% | Phase=Gameplay Suggest=Balanced
[2026-02-11 22:11:38.464] [ENGINE] [MODE] MODE CHANGE: Balanced -> Silent | Reason: AI-COORD(SCORE-LOW): score=37 app= Q=Silent P=Gameplay [CONFIRMED x4] | CPU=53%, GPU=99% | Phase=Gameplay Suggest=Balanced
[2026-02-11 22:12:31.592] [ENGINE] [METRICS] METRICS SNAPSHOT [Iter 3700]: CPU=76%, GPU=89%, Temp=79C, Mode=Silent, App=, Phase=Gameplay
[2026-02-11 22:12:41.065] [ENGINE] [MODE] MODE CHANGE: Silent -> Balanced | Reason: HIGH+GPU-PROTECT: CPU=82% GPU=91% (GPU active, no Turbo) | CPU=82%, GPU=91% | Phase=Gameplay Suggest=Balanced
[2026-02-11 22:12:46.663] [ENGINE] [MODE] MODE CHANGE: Balanced -> Silent | Reason: THERMAL: 92C | CPU=69%, GPU=84% | Phase=Gameplay Suggest=Balanced
[2026-02-11 22:13:18.109] [ENGINE] [MODE] MODE CHANGE: Silent -> Balanced | Reason: HIGH+GPU-PROTECT: CPU=83% GPU=87% (GPU active, no Turbo) | CPU=83%, GPU=87% | Phase=Gameplay Suggest=Balanced
[2026-02-11 22:13:31.172] [ENGINE] [MODE] MODE CHANGE: Balanced -> Silent | Reason: THERMAL: 91C | CPU=51%, GPU=97% | Phase=Gameplay Suggest=Balanced
[2026-02-11 22:14:28.019] [ENGINE] [METRICS] METRICS SNAPSHOT [Iter 3800]: CPU=62%, GPU=97%, Temp=77C, Mode=Silent, App=, Phase=Gameplay
[2026-02-11 22:15:06.582] [ENGINE] [MODE] MODE CHANGE: Silent -> Balanced | Reason: HIGH+GPU-PROTECT: CPU=82% GPU=89% (GPU active, no Turbo) | CPU=82%, GPU=89% | Phase=Gameplay Suggest=Balanced
[2026-02-11 22:15:22.167] [ENGINE] [MODE] MODE CHANGE: Balanced -> Silent | Reason: THERMAL: 93C | CPU=67%, GPU=95% | Phase=Gameplay Suggest=Balanced
[2026-02-11 22:15:32.831] [ENGINE] [MODE] MODE CHANGE: Silent -> Balanced | Reason: HIGH+GPU-PROTECT: CPU=82% GPU=92% (GPU active, no Turbo) | CPU=82%, GPU=92% | Phase=Gameplay Suggest=Balanced
[2026-02-11 22:15:46.001] [ENGINE] [MODE] MODE CHANGE: Balanced -> Silent | Reason: AI-COORD(SCORE-LOW): score=36 app= Q=Silent P=Gameplay | CPU=58%, GPU=98% | Phase=Gameplay Suggest=Balanced
[2026-02-11 22:16:27.729] [ENGINE] [METRICS] METRICS SNAPSHOT [Iter 3900]: CPU=72%, GPU=89%, Temp=76C, Mode=Silent, App=, Phase=Gameplay
[2026-02-11 22:16:29.698] [ENGINE] [MODE] MODE CHANGE: Silent -> Balanced | Reason: HIGH+GPU-PROTECT: CPU=88% GPU=91% (GPU active, no Turbo) | CPU=88%, GPU=91% | Phase=Gameplay Suggest=Balanced
[2026-02-11 22:16:42.031] [ENGINE] [MODE] MODE CHANGE: Balanced -> Silent | Reason: AI-COORD(SCORE-LOW): score=37 app= Q=Silent P=Gameplay | CPU=51%, GPU=99% | Phase=Gameplay Suggest=Balanced
[2026-02-11 22:16:54.952] [ENGINE] [MODE] MODE CHANGE: Silent -> Balanced | Reason: HIGH+GPU-PROTECT: CPU=84% GPU=83% (GPU active, no Turbo) | CPU=84%, GPU=83% | Phase=Gameplay Suggest=Balanced
[2026-02-11 22:16:58.623] [ENGINE] [MODE] MODE CHANGE: Balanced -> Silent | Reason: THERMAL: 92C | CPU=71%, GPU=83% | Phase=Gameplay Suggest=Balanced
[2026-02-11 22:17:05.611] [ENGINE] [MODE] MODE CHANGE: Silent -> Balanced | Reason: HIGH+GPU-PROTECT: CPU=99% GPU=94% (GPU active, no Turbo) | CPU=99%, GPU=94% | Phase=Gameplay Suggest=Balanced
[2026-02-11 22:17:12.055] [ENGINE] [MODE] MODE CHANGE: Balanced -> Silent | Reason: THERMAL: 91C | CPU=62%, GPU=98% | Phase=Gameplay Suggest=Balanced
[2026-02-11 22:17:27.742] [ENGINE] [MODE] MODE CHANGE: Silent -> Balanced | Reason: HIGH+GPU-PROTECT: CPU=84% GPU=83% (GPU active, no Turbo) | CPU=84%, GPU=83% | Phase=Gameplay Suggest=Balanced
[2026-02-11 22:17:32.341] [ENGINE] [MODE] MODE CHANGE: Balanced -> Silent | Reason: THERMAL: 95C | CPU=71%, GPU=92% | Phase=Gameplay Suggest=Balanced
[2026-02-11 22:17:42.143] [ENGINE] [MODE] MODE CHANGE: Silent -> Balanced | Reason: HIGH+GPU-PROTECT: CPU=84% GPU=84% (GPU active, no Turbo) | CPU=84%, GPU=84% | Phase=Gameplay Suggest=Balanced
[2026-02-11 22:17:47.230] [ENGINE] [MODE] MODE CHANGE: Balanced -> Silent | Reason: THERMAL: 91C | CPU=65%, GPU=85% | Phase=Gameplay Suggest=Balanced
[2026-02-11 22:18:12.939] [ENGINE] [METRICS] METRICS SNAPSHOT [Iter 4000]: CPU=75%, GPU=84%, Temp=76C, Mode=Silent, App=, Phase=Gameplay
[2026-02-11 22:18:23.159] [ENGINE] [MODE] MODE CHANGE: Silent -> Balanced | Reason: HIGH+GPU-PROTECT: CPU=86% GPU=89% (GPU active, no Turbo) | CPU=86%, GPU=89% | Phase=Gameplay Suggest=Balanced
[2026-02-11 22:18:27.210] [ENGINE] [MODE] MODE CHANGE: Balanced -> Silent | Reason: THERMAL: 91C | CPU=46%, GPU=89% | Phase=Gameplay Suggest=Balanced
[2026-02-11 22:19:16.983] [ENGINE] [MODE] MODE CHANGE: Silent -> Balanced | Reason: HIGH+GPU-PROTECT: CPU=84% GPU=88% (GPU active, no Turbo) | CPU=84%, GPU=88% | Phase=Gameplay Suggest=Balanced
[2026-02-11 22:19:37.288] [ENGINE] [MODE] MODE CHANGE: Balanced -> Silent | Reason: AI-COORD(SCORE-LOW): score=37 app= Q=Silent P=Gameplay | CPU=59%, GPU=99% | Phase=Gameplay Suggest=Balanced
[2026-02-11 22:20:05.959] [ENGINE] [METRICS] METRICS SNAPSHOT [Iter 4100]: CPU=74%, GPU=98%, Temp=76C, Mode=Silent, App=, Phase=Gameplay
[2026-02-11 22:21:13.551] [ENGINE] [MODE] MODE CHANGE: Silent -> Balanced | Reason: HIGH+GPU-PROTECT: CPU=86% GPU=83% (GPU active, no Turbo) | CPU=86%, GPU=83% | Phase=Gameplay Suggest=Balanced
[2026-02-11 22:21:18.475] [ENGINE] [MODE] MODE CHANGE: Balanced -> Silent | Reason: THERMAL: 92C | CPU=52%, GPU=82% | Phase=Gameplay Suggest=Balanced
[2026-02-11 22:21:31.100] [ENGINE] [MODE] MODE CHANGE: Silent -> Balanced | Reason: HIGH+GPU-PROTECT: CPU=86% GPU=88% (GPU active, no Turbo) | CPU=86%, GPU=88% | Phase=Gameplay Suggest=Balanced
[2026-02-11 22:21:44.778] [ENGINE] [MODE] MODE CHANGE: Balanced -> Silent | Reason: THERMAL: 94C | CPU=61%, GPU=99% | Phase=Gameplay Suggest=Balanced
[2026-02-11 22:22:05.102] [ENGINE] [METRICS] METRICS SNAPSHOT [Iter 4200]: CPU=59%, GPU=97%, Temp=76C, Mode=Silent, App=, Phase=Gameplay
[2026-02-11 22:22:24.382] [ENGINE] [MODE] MODE CHANGE: Silent -> Balanced | Reason: HIGH+GPU-PROTECT: CPU=86% GPU=84% (GPU active, no Turbo) | CPU=86%, GPU=84% | Phase=Gameplay Suggest=Balanced
[2026-02-11 22:22:39.857] [ENGINE] [MODE] MODE CHANGE: Balanced -> Silent | Reason: AI-COORD(SCORE-LOW): score=37 app= Q=Silent P=Gameplay | CPU=54%, GPU=99% | Phase=Gameplay Suggest=Balanced
[2026-02-11 22:22:56.152] [ENGINE] [MODE] MODE CHANGE: Silent -> Balanced | Reason: HIGH+GPU-PROTECT: CPU=84% GPU=83% (GPU active, no Turbo) | CPU=84%, GPU=83% | Phase=Gameplay Suggest=Balanced
[2026-02-11 22:23:09.415] [ENGINE] [MODE] MODE CHANGE: Balanced -> Silent | Reason: AI-COORD(SCORE-LOW): score=36 app= Q=Silent P=Gameplay | CPU=47%, GPU=84% | Phase=Gameplay Suggest=Balanced
[2026-02-11 22:23:35.812] [ENGINE] [MODE] MODE CHANGE: Silent -> Balanced | Reason: HIGH+GPU-PROTECT: CPU=84% GPU=85% (GPU active, no Turbo) | CPU=84%, GPU=85% | Phase=Gameplay Suggest=Balanced
[2026-02-11 22:23:48.777] [ENGINE] [MODE] MODE CHANGE: Balanced -> Silent | Reason: AI-COORD(SCORE-LOW): score=37 app= Q=Silent P=Gameplay | CPU=51%, GPU=95% | Phase=Gameplay Suggest=Balanced
[2026-02-11 22:24:01.392] [ENGINE] [METRICS] METRICS SNAPSHOT [Iter 4300]: CPU=70%, GPU=84%, Temp=78C, Mode=Silent, App=, Phase=Gameplay
[2026-02-11 22:24:02.967] [ENGINE] [MODE] MODE CHANGE: Silent -> Balanced | Reason: HIGH+GPU-PROTECT: CPU=89% GPU=84% (GPU active, no Turbo) | CPU=89%, GPU=84% | Phase=Gameplay Suggest=Balanced
[2026-02-11 22:24:20.214] [ENGINE] [MODE] MODE CHANGE: Balanced -> Silent | Reason: AI-COORD(SCORE-LOW): score=36 app= Q=Silent P=Gameplay | CPU=48%, GPU=95% | Phase=Gameplay Suggest=Balanced
[2026-02-11 22:24:31.456] [ENGINE] [MODE] MODE CHANGE: Silent -> Balanced | Reason: HIGH+GPU-PROTECT: CPU=84% GPU=83% (GPU active, no Turbo) | CPU=84%, GPU=83% | Phase=Gameplay Suggest=Balanced
[2026-02-11 22:24:34.845] [ENGINE] [MODE] MODE CHANGE: Balanced -> Silent | Reason: THERMAL: 93C | CPU=55%, GPU=83% | Phase=Gameplay Suggest=Balanced
[2026-02-11 22:24:44.012] [ENGINE] [MODE] MODE CHANGE: Silent -> Balanced | Reason: HIGH+GPU-PROTECT: CPU=83% GPU=95% (GPU active, no Turbo) | CPU=83%, GPU=95% | Phase=Gameplay Suggest=Balanced
[2026-02-11 22:24:55.556] [ENGINE] [MODE] MODE CHANGE: Balanced -> Silent | Reason: THERMAL: 95C | CPU=63%, GPU=96% | Phase=Gameplay Suggest=Balanced
[2026-02-11 22:26:00.565] [ENGINE] [METRICS] METRICS SNAPSHOT [Iter 4400]: CPU=65%, GPU=81%, Temp=76C, Mode=Silent, App=, Phase=Gameplay
[2026-02-11 22:26:21.176] [ENGINE] [MODE] MODE CHANGE: Silent -> Balanced | Reason: HIGH+GPU-PROTECT: CPU=95% GPU=83% (GPU active, no Turbo) | CPU=95%, GPU=83% | Phase=Gameplay Suggest=Balanced
[2026-02-11 22:26:34.508] [ENGINE] [MODE] MODE CHANGE: Balanced -> Silent | Reason: AI-COORD(SCORE-LOW): score=37 app= Q=Silent P=Gameplay [CONFIRMED x4] | CPU=55%, GPU=99% | Phase=Gameplay Suggest=Balanced
[2026-02-11 22:26:57.679] [ENGINE] [MODE] MODE CHANGE: Silent -> Balanced | Reason: HIGH+GPU-PROTECT: CPU=86% GPU=83% (GPU active, no Turbo) | CPU=86%, GPU=83% | Phase=Gameplay Suggest=Balanced
[2026-02-11 22:27:00.775] [ENGINE] [MODE] MODE CHANGE: Balanced -> Silent | Reason: THERMAL: 93C | CPU=64%, GPU=83% | Phase=Gameplay Suggest=Balanced
[2026-02-11 22:27:55.238] [ENGINE] [MODE] MODE CHANGE: Silent -> Balanced | Reason: HIGH+GPU-PROTECT: CPU=95% GPU=85% (GPU active, no Turbo) | CPU=95%, GPU=85% | Phase=Gameplay Suggest=Balanced
[2026-02-11 22:28:00.633] [ENGINE] [METRICS] METRICS SNAPSHOT [Iter 4500]: CPU=52%, GPU=99%, Temp=85C, Mode=Balanced, App=, Phase=Gameplay
[2026-02-11 22:28:16.082] [ENGINE] [MODE] MODE CHANGE: Balanced -> Silent | Reason: AI-COORD(SCORE-LOW): score=36 app= Q=Silent P=Gameplay | CPU=53%, GPU=86% | Phase=Gameplay Suggest=Balanced
[2026-02-11 22:28:28.551] [ENGINE] [MODE] MODE CHANGE: Silent -> Balanced | Reason: HIGH+GPU-PROTECT: CPU=86% GPU=83% (GPU active, no Turbo) | CPU=86%, GPU=83% | Phase=Gameplay Suggest=Balanced
[2026-02-11 22:28:44.078] [ENGINE] [MODE] MODE CHANGE: Balanced -> Silent | Reason: AI-COORD(SCORE-LOW): score=35 app= Q=Silent P=Gameplay | CPU=40%, GPU=99% | Phase=Gameplay Suggest=Balanced
[2026-02-11 22:28:50.934] [ENGINE] [MODE] MODE CHANGE: Silent -> Balanced | Reason: HIGH+GPU-PROTECT: CPU=86% GPU=99% (GPU active, no Turbo) | CPU=86%, GPU=99% | Phase=Gameplay Suggest=Balanced
[2026-02-11 22:28:57.783] [ENGINE] [MODE] MODE CHANGE: Balanced -> Silent | Reason: THERMAL: 92C | CPU=50%, GPU=99% | Phase=Gameplay Suggest=Balanced
[2026-02-11 22:29:06.601] [ENGINE] [MODE] MODE CHANGE: Silent -> Balanced | Reason: HIGH+GPU-PROTECT: CPU=83% GPU=86% (GPU active, no Turbo) | CPU=83%, GPU=86% | Phase=Gameplay Suggest=Balanced
[2026-02-11 22:29:21.241] [ENGINE] [MODE] MODE CHANGE: Balanced -> Silent | Reason: AI-COORD(SCORE-LOW): score=37 app= Q=Silent P=Gameplay | CPU=22%, GPU=100% | Phase=Gameplay Suggest=Balanced
[2026-02-11 22:30:16.079] [ENGINE] [METRICS] METRICS SNAPSHOT [Iter 4600]: CPU=9%, GPU=10%, Temp=58C, Mode=Silent, App=, Phase=Menu
[2026-02-11 22:33:45.651] [ENGINE] [METRICS] METRICS SNAPSHOT [Iter 4700]: CPU=17%, GPU=10%, Temp=43C, Mode=Silent, App=Desktop, Phase=Idle
[2026-02-11 22:38:09.973] [ENGINE] [METRICS] METRICS SNAPSHOT [Iter 4800]: CPU=19%, GPU=10%, Temp=44C, Mode=Silent, App=Desktop, Phase=Idle
[2026-02-11 22:42:30.675] [ENGINE] [METRICS] METRICS SNAPSHOT [Iter 4900]: CPU=24%, GPU=10%, Temp=44C, Mode=Silent, App=Desktop, Phase=Idle
[2026-02-11 22:43:52.314] [ENGINE] [MODE] MODE CHANGE: Silent -> Turbo | Reason: HIGH: CPU=82% | CPU=82%, GPU=12% | Phase=Active Suggest=Turbo
[2026-02-11 22:44:10.187] [ENGINE] [MODE] MODE CHANGE: Turbo -> Silent | Reason: AI-COORD(EXIT-TURBO→SILENT): score=31 app=Visual Studio Code Q=Silent P=Idle | CPU=18%, GPU=11% | Phase=Idle Suggest=Silent
[2026-02-11 22:44:41.893] [ENGINE] [METRICS] METRICS SNAPSHOT [Iter 5000]: CPU=15%, GPU=35%, Temp=48C, Mode=Silent, App=Visual Studio Code, Phase=Idle
[2026-02-11 22:46:41.708] [ENGINE] [METRICS] METRICS SNAPSHOT [Iter 5100]: CPU=24%, GPU=11%, Temp=43C, Mode=Silent, App=Visual Studio Code, Phase=Idle
[2026-02-11 22:48:45.351] [ENGINE] [METRICS] METRICS SNAPSHOT [Iter 5200]: CPU=14%, GPU=11%, Temp=43C, Mode=Silent, App=Visual Studio Code, Phase=Idle
[2026-02-11 22:50:45.939] [ENGINE] [METRICS] METRICS SNAPSHOT [Iter 5300]: CPU=8%, GPU=11%, Temp=43C, Mode=Silent, App=Visual Studio Code, Phase=Menu
[2026-02-11 22:52:47.495] [ENGINE] [METRICS] METRICS SNAPSHOT [Iter 5400]: CPU=25%, GPU=11%, Temp=62C, Mode=Silent, App=Visual Studio Code, Phase=Idle
[2026-02-11 22:54:14.683] [ENGINE] [METRICS] METRICS SNAPSHOT [Iter 5500]: CPU=8%, GPU=11%, Temp=54C, Mode=Turbo, App=Visual Studio Code, Phase=Idle
